<?xml version="1.0" encoding="UTF-8"?>
<testsuite name="com.coffee.main.JavaMaticTest" tests="4" skipped="0" failures="0" errors="0" timestamp="2019-02-26T00:51:03" hostname="Ramiz" time="0.0">
  <properties/>
  <testcase name="inventoryTest" classname="com.coffee.main.JavaMaticTest" time="0.0"/>
  <testcase name="canMakeDrinkTest" classname="com.coffee.main.JavaMaticTest" time="0.0"/>
  <testcase name="canMakeDrinkNoStockTest" classname="com.coffee.main.JavaMaticTest" time="0.0"/>
  <testcase name="inventoryBeforeReStockTest" classname="com.coffee.main.JavaMaticTest" time="0.0"/>
  <system-out><![CDATA[]]></system-out>
  <system-err><![CDATA[]]></system-err>
</testsuite>
